<?xml version="1.0" encoding="UTF-8"?>
<!-- Generated by org.testng.reporters.JUnitReportReporter -->
<testsuite skipped="0" hostname="Shashank-PC" name="com.crm.qa.testcases.LoginPageTest" tests="3" failures="0" timestamp="02 Aug 2019 14:19:01 GMT" time="90.949" errors="0">
  <testcase name="loginPageTitleTest" time="22.726" classname="com.crm.qa.testcases.LoginPageTest"/>
  <testcase name="crmLogoImageTest" time="27.475" classname="com.crm.qa.testcases.LoginPageTest"/>
  <testcase name="loginTest" time="40.748" classname="com.crm.qa.testcases.LoginPageTest"/>
</testsuite> <!-- com.crm.qa.testcases.LoginPageTest -->
